<?xml version="1.0" encoding="UTF-8"?>
<!-- Generated by org.testng.reporters.JUnitReportReporter -->
<testsuite hostname="LAPTOP-U66FBCGM" failures="0" tests="1" name="com.rajesh.interview.LTICareer" time="1.118" errors="0" timestamp="2024-03-02T15:59:02 IST" skipped="0">
  <testcase classname="com.rajesh.interview.LTICareer" name="checkLTI" time="1.118"/>
  <system-out/>
</testsuite> <!-- com.rajesh.interview.LTICareer -->
