<?xml version="1.0" encoding="UTF-8"?>
<!-- Generated by org.testng.reporters.JUnitReportReporter -->
<testsuite hostname="LAPTOP-U66FBCGM" failures="0" tests="1" name="com.rajesh.interview.AmazonBuyProduct" time="35.041" errors="0" timestamp="2024-02-19T22:40:00 IST" skipped="0">
  <testcase classname="com.rajesh.interview.AmazonBuyProduct" name="buyIPHONE" time="35.041"/>
  <system-out/>
</testsuite> <!-- com.rajesh.interview.AmazonBuyProduct -->
