<?xml version="1.0" encoding="UTF-8"?>
<!-- Generated by org.testng.reporters.JUnitReportReporter -->
<testsuite hostname="LAPTOP-U66FBCGM" failures="0" tests="3" name="Utilities.DateDemo" time="0.019" errors="0" timestamp="2024-02-22T16:30:33 IST" skipped="2">
  <testcase classname="Utilities.DateDemo" name="test2" time="0.019"/>
  <system-out/>
  <testcase classname="Utilities.DateDemo" name="selectData">
    <skipped/>
  </testcase> <!-- selectData -->
  <system-out/>
  <testcase classname="Utilities.DateDemo" name="InvocationCountDemo">
    <skipped/>
  </testcase> <!-- InvocationCountDemo -->
  <system-out/>
</testsuite> <!-- Utilities.DateDemo -->
